# JRE version: OpenJDK Runtime Environment Temurin-21.0.8+9 (21.0.8+9) (build 21.0.8+9-LTS)
# Java VM: OpenJDK 64-Bit Server VM Temurin-21.0.8+9 (21.0.8+9-LTS, mixed mode, sharing, tiered, compressed oops, compressed class ptrs, parallel gc, windows-amd64)
GC Precious Log:
 CardTable entry size: 512
 CPUs: 8 total, 8 available
 Memory: 16167M
 Large Page Support: Disabled
 NUMA Support: Disabled
 Compressed Oops: Enabled (32-bit)
 Alignments: Space 512K, Generation 512K, Heap 2M
 Heap Min Capacity: 100M
 Heap Initial Capacity: 100M
 Heap Max Capacity: 2G
 Pre-touch: Disabled
 Parallel Workers: 8
Heap:
 PSYoungGen      total 4608K, used 4031K [0x00000000d5580000, 0x00000000d5c80000, 0x0000000100000000)
  eden space 4096K, 92% used [0x00000000d5580000,0x00000000d5937d20,0x00000000d5980000)
  from space 512K, 43% used [0x00000000d5c00000,0x00000000d5c38000,0x00000000d5c80000)
  to   space 512K, 0% used [0x00000000d5b80000,0x00000000d5b80000,0x00000000d5c00000)
 ParOldGen       total 828416K, used 827435K [0x0000000080000000, 0x00000000b2900000, 0x00000000d5580000)
  object space 828416K, 99% used [0x0000000080000000,0x00000000b280ace8,0x00000000b2900000)
 Metaspace       used 92680K, committed 94464K, reserved 1179648K
  class space    used 9306K, committed 10112K, reserved 1048576K
GC Heap History (20 events):
Event: 84658.887 GC heap before
{Heap before GC invocations=2009 (full 5):
 PSYoungGen      total 5120K, used 4632K [0x00000000d5580000, 0x00000000d5b80000, 0x0000000100000000)
  eden space 4096K, 99% used [0x00000000d5580000,0x00000000d597e120,0x00000000d5980000)
  from space 1024K, 53% used [0x00000000d5a80000,0x00000000d5b08000,0x00000000d5b80000)
  to   space 1024K, 0% used [0x00000000d5980000,0x00000000d5980000,0x00000000d5a80000)
 ParOldGen       total 787968K, used 787819K [0x0000000080000000, 0x00000000b0180000, 0x00000000d5580000)
  object space 787968K, 99% used [0x0000000080000000,0x00000000b015ac28,0x00000000b0180000)
 Metaspace       used 92453K, committed 94272K, reserved 1179648K
  class space    used 9287K, committed 10112K, reserved 1048576K
}
Event: 84658.890 GC heap after
{Heap after GC invocations=2009 (full 5):
 PSYoungGen      total 5120K, used 1005K [0x00000000d5580000, 0x00000000d6080000, 0x0000000100000000)
  eden space 4096K, 0% used [0x00000000d5580000,0x00000000d5580000,0x00000000d5980000)
  from space 1024K, 98% used [0x00000000d5980000,0x00000000d5a7b730,0x00000000d5a80000)
  to   space 3072K, 0% used [0x00000000d5d80000,0x00000000d5d80000,0x00000000d6080000)
 ParOldGen       total 789504K, used 789161K [0x0000000080000000, 0x00000000b0300000, 0x00000000d5580000)
  object space 789504K, 99% used [0x0000000080000000,0x00000000b02aa6e8,0x00000000b0300000)
 Metaspace       used 92453K, committed 94272K, reserved 1179648K
  class space    used 9287K, committed 10112K, reserved 1048576K
}
Event: 84658.902 GC heap before
{Heap before GC invocations=2010 (full 5):
 PSYoungGen      total 5120K, used 5033K [0x00000000d5580000, 0x00000000d6080000, 0x0000000100000000)
  eden space 4096K, 98% used [0x00000000d5580000,0x00000000d596f0c8,0x00000000d5980000)
  from space 1024K, 98% used [0x00000000d5980000,0x00000000d5a7b730,0x00000000d5a80000)
  to   space 3072K, 0% used [0x00000000d5d80000,0x00000000d5d80000,0x00000000d6080000)
 ParOldGen       total 789504K, used 789161K [0x0000000080000000, 0x00000000b0300000, 0x00000000d5580000)
  object space 789504K, 99% used [0x0000000080000000,0x00000000b02aa6e8,0x00000000b0300000)
 Metaspace       used 92453K, committed 94272K, reserved 1179648K
  class space    used 9287K, committed 10112K, reserved 1048576K
}
Event: 84658.906 GC heap after
{Heap after GC invocations=2010 (full 5):
 PSYoungGen      total 6144K, used 3068K [0x00000000d5580000, 0x00000000d6480000, 0x0000000100000000)
  eden space 3072K, 0% used [0x00000000d5580000,0x00000000d5580000,0x00000000d5880000)
  from space 3072K, 99% used [0x00000000d5d80000,0x00000000d607f1e8,0x00000000d6080000)
  to   space 5120K, 0% used [0x00000000d5880000,0x00000000d5880000,0x00000000d5d80000)
 ParOldGen       total 790528K, used 790356K [0x0000000080000000, 0x00000000b0400000, 0x00000000d5580000)
  object space 790528K, 99% used [0x0000000080000000,0x00000000b03d50e8,0x00000000b0400000)
 Metaspace       used 92453K, committed 94272K, reserved 1179648K
  class space    used 9287K, committed 10112K, reserved 1048576K
}
Event: 84658.922 GC heap before
{Heap before GC invocations=2011 (full 5):
 PSYoungGen      total 6144K, used 6138K [0x00000000d5580000, 0x00000000d6480000, 0x0000000100000000)
  eden space 3072K, 99% used [0x00000000d5580000,0x00000000d587f840,0x00000000d5880000)
  from space 3072K, 99% used [0x00000000d5d80000,0x00000000d607f1e8,0x00000000d6080000)
  to   space 5120K, 0% used [0x00000000d5880000,0x00000000d5880000,0x00000000d5d80000)
 ParOldGen       total 790528K, used 790356K [0x0000000080000000, 0x00000000b0400000, 0x00000000d5580000)
  object space 790528K, 99% used [0x0000000080000000,0x00000000b03d50e8,0x00000000b0400000)
 Metaspace       used 92454K, committed 94272K, reserved 1179648K
  class space    used 9287K, committed 10112K, reserved 1048576K
}
Event: 84658.928 GC heap after
{Heap after GC invocations=2011 (full 5):
 PSYoungGen      total 5632K, used 2377K [0x00000000d5580000, 0x00000000d5f80000, 0x0000000100000000)
  eden space 3072K, 0% used [0x00000000d5580000,0x00000000d5580000,0x00000000d5880000)
  from space 2560K, 92% used [0x00000000d5880000,0x00000000d5ad27b0,0x00000000d5b00000)
  to   space 3072K, 0% used [0x00000000d5c80000,0x00000000d5c80000,0x00000000d5f80000)
 ParOldGen       total 793600K, used 793375K [0x0000000080000000, 0x00000000b0700000, 0x00000000d5580000)
  object space 793600K, 99% used [0x0000000080000000,0x00000000b06c7f18,0x00000000b0700000)
 Metaspace       used 92454K, committed 94272K, reserved 1179648K
  class space    used 9287K, committed 10112K, reserved 1048576K
}
Event: 84658.949 GC heap before
{Heap before GC invocations=2012 (full 5):
 PSYoungGen      total 5632K, used 5449K [0x00000000d5580000, 0x00000000d5f80000, 0x0000000100000000)
  eden space 3072K, 100% used [0x00000000d5580000,0x00000000d5880000,0x00000000d5880000)
  from space 2560K, 92% used [0x00000000d5880000,0x00000000d5ad27b0,0x00000000d5b00000)
  to   space 3072K, 0% used [0x00000000d5c80000,0x00000000d5c80000,0x00000000d5f80000)
 ParOldGen       total 793600K, used 793375K [0x0000000080000000, 0x00000000b0700000, 0x00000000d5580000)
  object space 793600K, 99% used [0x0000000080000000,0x00000000b06c7f18,0x00000000b0700000)
 Metaspace       used 92454K, committed 94272K, reserved 1179648K
  class space    used 9287K, committed 10112K, reserved 1048576K
}
Event: 84658.954 GC heap after
{Heap after GC invocations=2012 (full 5):
 PSYoungGen      total 4608K, used 448K [0x00000000d5580000, 0x00000000d5d00000, 0x0000000100000000)
  eden space 4096K, 0% used [0x00000000d5580000,0x00000000d5580000,0x00000000d5980000)
  from space 512K, 87% used [0x00000000d5c80000,0x00000000d5cf0000,0x00000000d5d00000)
  to   space 1536K, 0% used [0x00000000d5a00000,0x00000000d5a00000,0x00000000d5b80000)
 ParOldGen       total 795648K, used 795426K [0x0000000080000000, 0x00000000b0900000, 0x00000000d5580000)
  object space 795648K, 99% used [0x0000000080000000,0x00000000b08c88b8,0x00000000b0900000)
 Metaspace       used 92454K, committed 94272K, reserved 1179648K
  class space    used 9287K, committed 10112K, reserved 1048576K
}
Event: 88868.195 GC heap before
{Heap before GC invocations=2013 (full 5):
 PSYoungGen      total 4608K, used 4544K [0x00000000d5580000, 0x00000000d5d00000, 0x0000000100000000)
  eden space 4096K, 100% used [0x00000000d5580000,0x00000000d5980000,0x00000000d5980000)
  from space 512K, 87% used [0x00000000d5c80000,0x00000000d5cf0000,0x00000000d5d00000)
  to   space 1536K, 0% used [0x00000000d5a00000,0x00000000d5a00000,0x00000000d5b80000)
 ParOldGen       total 795648K, used 795426K [0x0000000080000000, 0x00000000b0900000, 0x00000000d5580000)
  object space 795648K, 99% used [0x0000000080000000,0x00000000b08c88b8,0x00000000b0900000)
 Metaspace       used 92454K, committed 94272K, reserved 1179648K
  class space    used 9287K, committed 10112K, reserved 1048576K
}
Event: 88868.461 GC heap after
{Heap after GC invocations=2013 (full 5):
 PSYoungGen      total 5632K, used 768K [0x00000000d5580000, 0x00000000d5d00000, 0x0000000100000000)
  eden space 4096K, 0% used [0x00000000d5580000,0x00000000d5580000,0x00000000d5980000)
  from space 1536K, 50% used [0x00000000d5a00000,0x00000000d5ac0000,0x00000000d5b80000)
  to   space 1024K, 0% used [0x00000000d5c00000,0x00000000d5c00000,0x00000000d5d00000)
 ParOldGen       total 796160K, used 795754K [0x0000000080000000, 0x00000000b0980000, 0x00000000d5580000)
  object space 796160K, 99% used [0x0000000080000000,0x00000000b091a8b8,0x00000000b0980000)
 Metaspace       used 92454K, committed 94272K, reserved 1179648K
  class space    used 9287K, committed 10112K, reserved 1048576K
}
Event: 88871.154 GC heap before
{Heap before GC invocations=2014 (full 5):
 PSYoungGen      total 5632K, used 4864K [0x00000000d5580000, 0x00000000d5d00000, 0x0000000100000000)
  eden space 4096K, 100% used [0x00000000d5580000,0x00000000d5980000,0x00000000d5980000)
  from space 1536K, 50% used [0x00000000d5a00000,0x00000000d5ac0000,0x00000000d5b80000)
  to   space 1024K, 0% used [0x00000000d5c00000,0x00000000d5c00000,0x00000000d5d00000)
 ParOldGen       total 796160K, used 795754K [0x0000000080000000, 0x00000000b0980000, 0x00000000d5580000)
  object space 796160K, 99% used [0x0000000080000000,0x00000000b091a8b8,0x00000000b0980000)
 Metaspace       used 92612K, committed 94400K, reserved 1179648K
  class space    used 9304K, committed 10112K, reserved 1048576K
}
Event: 88871.158 GC heap after
{Heap after GC invocations=2014 (full 5):
 PSYoungGen      total 4608K, used 352K [0x00000000d5580000, 0x00000000d5c80000, 0x0000000100000000)
  eden space 4096K, 0% used [0x00000000d5580000,0x00000000d5580000,0x00000000d5980000)
  from space 512K, 68% used [0x00000000d5c00000,0x00000000d5c58000,0x00000000d5c80000)
  to   space 512K, 0% used [0x00000000d5b80000,0x00000000d5b80000,0x00000000d5c00000)
 ParOldGen       total 796672K, used 796347K [0x0000000080000000, 0x00000000b0a00000, 0x00000000d5580000)
  object space 796672K, 99% used [0x0000000080000000,0x00000000b09aeca8,0x00000000b0a00000)
 Metaspace       used 92612K, committed 94400K, reserved 1179648K
  class space    used 9304K, committed 10112K, reserved 1048576K
}
Event: 89026.272 GC heap before
{Heap before GC invocations=2015 (full 5):
 PSYoungGen      total 4608K, used 4447K [0x00000000d5580000, 0x00000000d5c80000, 0x0000000100000000)
  eden space 4096K, 99% used [0x00000000d5580000,0x00000000d597fff8,0x00000000d5980000)
  from space 512K, 68% used [0x00000000d5c00000,0x00000000d5c58000,0x00000000d5c80000)
  to   space 512K, 0% used [0x00000000d5b80000,0x00000000d5b80000,0x00000000d5c00000)
 ParOldGen       total 796672K, used 796347K [0x0000000080000000, 0x00000000b0a00000, 0x00000000d5580000)
  object space 796672K, 99% used [0x0000000080000000,0x00000000b09aeca8,0x00000000b0a00000)
 Metaspace       used 92625K, committed 94400K, reserved 1179648K
  class space    used 9306K, committed 10112K, reserved 1048576K
}
Event: 89026.282 GC heap after
{Heap after GC invocations=2015 (full 5):
 PSYoungGen      total 4608K, used 256K [0x00000000d5580000, 0x00000000d5c80000, 0x0000000100000000)
  eden space 4096K, 0% used [0x00000000d5580000,0x00000000d5580000,0x00000000d5980000)
  from space 512K, 50% used [0x00000000d5b80000,0x00000000d5bc0000,0x00000000d5c00000)
  to   space 512K, 0% used [0x00000000d5c00000,0x00000000d5c00000,0x00000000d5c80000)
 ParOldGen       total 796672K, used 796443K [0x0000000080000000, 0x00000000b0a00000, 0x00000000d5580000)
  object space 796672K, 99% used [0x0000000080000000,0x00000000b09c6cb8,0x00000000b0a00000)
 Metaspace       used 92625K, committed 94400K, reserved 1179648K
  class space    used 9306K, committed 10112K, reserved 1048576K
}
Event: 89026.365 GC heap before
{Heap before GC invocations=2016 (full 5):
 PSYoungGen      total 4608K, used 4352K [0x00000000d5580000, 0x00000000d5c80000, 0x0000000100000000)
  eden space 4096K, 100% used [0x00000000d5580000,0x00000000d5980000,0x00000000d5980000)
  from space 512K, 50% used [0x00000000d5b80000,0x00000000d5bc0000,0x00000000d5c00000)
  to   space 512K, 0% used [0x00000000d5c00000,0x00000000d5c00000,0x00000000d5c80000)
 ParOldGen       total 796672K, used 796443K [0x0000000080000000, 0x00000000b0a00000, 0x00000000d5580000)
  object space 796672K, 99% used [0x0000000080000000,0x00000000b09c6cb8,0x00000000b0a00000)
 Metaspace       used 92627K, committed 94400K, reserved 1179648K
  class space    used 9306K, committed 10112K, reserved 1048576K
}
Event: 89026.369 GC heap after
{Heap after GC invocations=2016 (full 5):
 PSYoungGen      total 4608K, used 256K [0x00000000d5580000, 0x00000000d5c80000, 0x0000000100000000)
  eden space 4096K, 0% used [0x00000000d5580000,0x00000000d5580000,0x00000000d5980000)
  from space 512K, 50% used [0x00000000d5c00000,0x00000000d5c40000,0x00000000d5c80000)
  to   space 512K, 0% used [0x00000000d5b80000,0x00000000d5b80000,0x00000000d5c00000)
 ParOldGen       total 796672K, used 796547K [0x0000000080000000, 0x00000000b0a00000, 0x00000000d5580000)
  object space 796672K, 99% used [0x0000000080000000,0x00000000b09e0cb8,0x00000000b0a00000)
 Metaspace       used 92627K, committed 94400K, reserved 1179648K
  class space    used 9306K, committed 10112K, reserved 1048576K
}
Event: 90333.483 GC heap before
{Heap before GC invocations=2017 (full 5):
 PSYoungGen      total 4608K, used 4352K [0x00000000d5580000, 0x00000000d5c80000, 0x0000000100000000)
  eden space 4096K, 100% used [0x00000000d5580000,0x00000000d5980000,0x00000000d5980000)
  from space 512K, 50% used [0x00000000d5c00000,0x00000000d5c40000,0x00000000d5c80000)
  to   space 512K, 0% used [0x00000000d5b80000,0x00000000d5b80000,0x00000000d5c00000)
 ParOldGen       total 796672K, used 796547K [0x0000000080000000, 0x00000000b0a00000, 0x00000000d5580000)
  object space 796672K, 99% used [0x0000000080000000,0x00000000b09e0cb8,0x00000000b0a00000)
 Metaspace       used 92676K, committed 94464K, reserved 1179648K
  class space    used 9306K, committed 10112K, reserved 1048576K
}
Event: 90333.513 GC heap after
{Heap after GC invocations=2017 (full 5):
 PSYoungGen      total 4608K, used 320K [0x00000000d5580000, 0x00000000d5c80000, 0x0000000100000000)
  eden space 4096K, 0% used [0x00000000d5580000,0x00000000d5580000,0x00000000d5980000)
  from space 512K, 62% used [0x00000000d5b80000,0x00000000d5bd0000,0x00000000d5c00000)
  to   space 512K, 0% used [0x00000000d5c00000,0x00000000d5c00000,0x00000000d5c80000)
 ParOldGen       total 796672K, used 796611K [0x0000000080000000, 0x00000000b0a00000, 0x00000000d5580000)
  object space 796672K, 99% used [0x0000000080000000,0x00000000b09f0cb8,0x00000000b0a00000)
 Metaspace       used 92676K, committed 94464K, reserved 1179648K
  class space    used 9306K, committed 10112K, reserved 1048576K
}
Event: 90333.648 GC heap before
{Heap before GC invocations=2018 (full 5):
 PSYoungGen      total 4608K, used 4416K [0x00000000d5580000, 0x00000000d5c80000, 0x0000000100000000)
  eden space 4096K, 100% used [0x00000000d5580000,0x00000000d5980000,0x00000000d5980000)
  from space 512K, 62% used [0x00000000d5b80000,0x00000000d5bd0000,0x00000000d5c00000)
  to   space 512K, 0% used [0x00000000d5c00000,0x00000000d5c00000,0x00000000d5c80000)
 ParOldGen       total 828416K, used 827331K [0x0000000080000000, 0x00000000b2900000, 0x00000000d5580000)
  object space 828416K, 99% used [0x0000000080000000,0x00000000b27f0ce8,0x00000000b2900000)
 Metaspace       used 92680K, committed 94464K, reserved 1179648K
  class space    used 9306K, committed 10112K, reserved 1048576K
}
Event: 90333.651 GC heap after
{Heap after GC invocations=2018 (full 5):
 PSYoungGen      total 4608K, used 224K [0x00000000d5580000, 0x00000000d5c80000, 0x0000000100000000)
  eden space 4096K, 0% used [0x00000000d5580000,0x00000000d5580000,0x00000000d5980000)
  from space 512K, 43% used [0x00000000d5c00000,0x00000000d5c38000,0x00000000d5c80000)
  to   space 512K, 0% used [0x00000000d5b80000,0x00000000d5b80000,0x00000000d5c00000)
 ParOldGen       total 828416K, used 827435K [0x0000000080000000, 0x00000000b2900000, 0x00000000d5580000)
  object space 828416K, 99% used [0x0000000080000000,0x00000000b280ace8,0x00000000b2900000)
 Metaspace       used 92680K, committed 94464K, reserved 1179648K
  class space    used 9306K, committed 10112K, reserved 1048576K
}

